2021-12-29 19:55:29,538 DEBUG - Starting WinSW in console mode
2021-12-29 19:55:33,391 DEBUG - Starting WinSW in console mode
2021-12-29 19:55:33,429 INFO  - Uninstalling service 'GymApp Service (GymApp)'...
2021-12-29 19:55:33,437 WARN  - Service 'GymApp Service (GymApp)' is started. It may be impossible to uninstall it.
2021-12-29 19:55:33,445 INFO  - Service 'GymApp Service (GymApp)' was uninstalled successfully.
2021-12-29 19:55:51,200 DEBUG - Starting WinSW in console mode
2021-12-29 19:55:54,823 DEBUG - Starting WinSW in console mode
2021-12-29 19:55:54,866 INFO  - Installing service 'GymApp Service (GymApp)'...
2021-12-29 19:55:54,874 ERROR - A service with ID 'GymApp' already exists.
2021-12-29 19:55:54,879 FATAL - Failed to install the service. The specified service already exists.
2021-12-29 19:56:19,399 DEBUG - Starting WinSW in console mode
2021-12-29 19:56:22,328 DEBUG - Starting WinSW in console mode
2021-12-29 19:56:22,384 INFO  - Uninstalling service 'GymApp Service (GymApp)'...
2021-12-29 19:56:22,399 WARN  - Service 'GymApp Service (GymApp)' does not exist.
2021-12-29 19:56:44,410 DEBUG - Starting WinSW in console mode
2021-12-29 19:56:47,829 DEBUG - Starting WinSW in console mode
2021-12-29 19:56:47,879 INFO  - Installing service 'GymApp Service (GymApp)'...
2021-12-29 19:56:47,937 INFO  - Service 'GymApp Service (GymApp)' was installed successfully.
2021-12-29 19:56:57,347 DEBUG - Starting WinSW in service mode
2021-12-29 19:56:57,538 INFO  - Starting java" -jar "C:\Users\harik\OneDrive\Documents\gym-application\gymAppNew\GymAppService\gymAppNew-1.0-SNAPSHOT.jar"
2021-12-29 19:56:57,580 INFO  - Started process 15000
2021-12-29 19:56:57,603 DEBUG - Forwarding logs of the process System.Diagnostics.Process (java) to WinSW.SizeBasedRollingLogAppender
2021-12-29 19:58:36,942 DEBUG - Starting WinSW in console mode
2021-12-29 19:58:40,375 DEBUG - Starting WinSW in console mode
2021-12-29 19:58:40,419 INFO  - Stopping service 'GymApp Service (GymApp)'...
2021-12-29 19:58:40,454 INFO  - Service 'GymApp Service (GymApp)' has already stopped.
2021-12-29 19:58:45,010 DEBUG - Starting WinSW in console mode
2021-12-29 19:58:48,123 DEBUG - Starting WinSW in console mode
2021-12-29 19:58:48,164 INFO  - Uninstalling service 'GymApp Service (GymApp)'...
2021-12-29 19:58:48,174 INFO  - Service 'GymApp Service (GymApp)' was uninstalled successfully.
2021-12-29 19:58:52,359 DEBUG - Starting WinSW in console mode
2021-12-29 19:58:55,302 DEBUG - Starting WinSW in console mode
2021-12-29 19:58:55,347 INFO  - Installing service 'GymApp Service (GymApp)'...
2021-12-29 19:58:55,381 INFO  - Service 'GymApp Service (GymApp)' was installed successfully.
2021-12-29 19:59:02,641 DEBUG - Starting WinSW in service mode
2021-12-29 19:59:02,842 INFO  - Starting java -jar "C:\Users\harik\OneDrive\Documents\gym-application\gymAppNew\GymAppService\gymAppNew-1.0-SNAPSHOT.jar"
2021-12-29 19:59:02,890 INFO  - Started process 22156
2021-12-29 19:59:02,922 DEBUG - Forwarding logs of the process System.Diagnostics.Process (java) to WinSW.SizeBasedRollingLogAppender
2021-12-29 20:20:28,318 DEBUG - Starting WinSW in console mode
2021-12-29 20:20:31,713 FATAL - The operation was canceled by the user.
2021-12-29 20:20:37,010 DEBUG - Starting WinSW in console mode
2021-12-29 20:20:40,757 DEBUG - Starting WinSW in console mode
2021-12-29 20:20:40,829 INFO  - Stopping service 'GymApp Service (GymApp)'...
2021-12-29 20:20:40,855 INFO  - Service 'GymApp Service (GymApp)' stopped successfully.
2021-12-29 20:20:40,859 INFO  - Stopping GymApp
2021-12-29 20:20:40,861 DEBUG - ProcessKill 22156
2021-12-29 20:20:40,867 DEBUG - Stopping process 22156...
2021-12-29 20:20:40,885 DEBUG - Process 22156 canceled with code -1073741510.
2021-12-29 20:20:40,896 INFO  - Finished GymApp
2021-12-29 20:20:44,299 DEBUG - Starting WinSW in console mode
2021-12-29 20:20:47,541 DEBUG - Starting WinSW in console mode
2021-12-29 20:20:47,597 INFO  - Uninstalling service 'GymApp Service (GymApp)'...
2021-12-29 20:20:47,614 INFO  - Service 'GymApp Service (GymApp)' was uninstalled successfully.
2021-12-29 20:20:55,422 DEBUG - Starting WinSW in console mode
2021-12-29 20:20:58,387 FATAL - The operation was canceled by the user.
2021-12-29 20:21:10,243 DEBUG - Starting WinSW in console mode
2021-12-29 20:21:14,057 DEBUG - Starting WinSW in console mode
2021-12-29 20:21:14,097 INFO  - Installing service 'GymApp Service (GymApp)'...
2021-12-29 20:21:14,133 INFO  - Service 'GymApp Service (GymApp)' was installed successfully.
2021-12-29 20:21:23,697 DEBUG - Starting WinSW in console mode
2021-12-29 20:21:26,772 DEBUG - Starting WinSW in console mode
2021-12-29 20:21:26,835 INFO  - Starting service 'GymApp Service (GymApp)'...
2021-12-29 20:21:27,542 DEBUG - Starting WinSW in service mode
2021-12-29 20:21:27,618 INFO  - Service 'GymApp Service (GymApp)' started successfully.
2021-12-29 20:21:27,834 INFO  - Starting java -jar "C:\Users\harik\OneDrive\Documents\gym-application\gymAppNew\GymAppService\gymAppNew-1.0-SNAPSHOT.jar"
2021-12-29 20:21:27,888 INFO  - Started process 22060
2021-12-29 20:21:27,913 DEBUG - Forwarding logs of the process System.Diagnostics.Process (java) to WinSW.SizeBasedRollingLogAppender
2021-12-29 20:23:20,475 DEBUG - Starting WinSW in console mode
2021-12-29 20:23:24,374 DEBUG - Starting WinSW in console mode
2021-12-29 20:23:24,446 INFO  - Stopping service 'GymApp Service (GymApp)'...
2021-12-29 20:23:24,472 INFO  - Stopping GymApp
2021-12-29 20:23:24,474 DEBUG - ProcessKill 22060
2021-12-29 20:23:24,469 INFO  - Service 'GymApp Service (GymApp)' stopped successfully.
2021-12-29 20:23:24,481 DEBUG - Stopping process 22060...
2021-12-29 20:23:24,507 DEBUG - Process 22060 canceled with code -1073741510.
2021-12-29 20:23:24,567 DEBUG - Found child process 21984.
2021-12-29 20:23:24,569 DEBUG - Found child process 27636.
2021-12-29 20:23:24,576 DEBUG - Stopping process 21984...
2021-12-29 20:23:24,582 DEBUG - Process 21984 terminated.
2021-12-29 20:23:24,608 DEBUG - Stopping process 27636...
2021-12-29 20:23:24,611 WARN  - Failed to attach to console. No process is on the other end of the pipe.
2021-12-29 20:23:24,615 DEBUG - Process 27636 terminated.
2021-12-29 20:23:24,638 INFO  - Finished GymApp
2021-12-29 20:23:26,948 DEBUG - Starting WinSW in console mode
2021-12-29 20:23:30,397 DEBUG - Starting WinSW in console mode
2021-12-29 20:23:30,463 INFO  - Uninstalling service 'GymApp Service (GymApp)'...
2021-12-29 20:23:30,476 INFO  - Service 'GymApp Service (GymApp)' was uninstalled successfully.
2021-12-29 20:25:25,080 DEBUG - Starting WinSW in console mode
2021-12-29 20:25:28,932 DEBUG - Starting WinSW in console mode
2021-12-29 20:25:28,973 INFO  - Installing service 'GymApp Service (GymApp)'...
2021-12-29 20:25:29,013 INFO  - Service 'GymApp Service (GymApp)' was installed successfully.
2021-12-29 20:25:39,587 DEBUG - Starting WinSW in console mode
2021-12-29 20:25:43,539 DEBUG - Starting WinSW in console mode
2021-12-29 20:25:43,609 INFO  - Starting service 'GymApp Service (GymApp)'...
2021-12-29 20:25:44,139 DEBUG - Starting WinSW in service mode
2021-12-29 20:25:44,177 INFO  - Service 'GymApp Service (GymApp)' started successfully.
2021-12-29 20:25:44,332 INFO  - Starting java -jar "C:\Users\harik\OneDrive\Documents\gym-application\gymAppNew\GymAppService\gymAppNew-1.0-SNAPSHOT.jar"
2021-12-29 20:25:44,363 INFO  - Started process 29660
2021-12-29 20:25:44,388 DEBUG - Forwarding logs of the process System.Diagnostics.Process (java) to WinSW.SizeBasedRollingLogAppender
2021-12-29 20:28:34,170 DEBUG - Starting WinSW in console mode
2021-12-29 20:28:38,686 DEBUG - Starting WinSW in console mode
2021-12-29 20:28:38,745 INFO  - Stopping service 'GymApp Service (GymApp)'...
2021-12-29 20:28:38,767 INFO  - Service 'GymApp Service (GymApp)' stopped successfully.
2021-12-29 20:28:38,771 INFO  - Stopping GymApp
2021-12-29 20:28:38,773 DEBUG - ProcessKill 29660
2021-12-29 20:28:38,780 DEBUG - Stopping process 29660...
2021-12-29 20:28:38,799 DEBUG - Process 29660 canceled with code -1073741510.
2021-12-29 20:28:38,808 INFO  - Finished GymApp
2021-12-29 20:28:41,309 DEBUG - Starting WinSW in console mode
2021-12-29 20:28:44,944 DEBUG - Starting WinSW in console mode
2021-12-29 20:28:44,996 INFO  - Uninstalling service 'GymApp Service (GymApp)'...
2021-12-29 20:28:45,009 INFO  - Service 'GymApp Service (GymApp)' was uninstalled successfully.
2021-12-29 20:29:20,206 DEBUG - Starting WinSW in console mode
2021-12-29 20:29:23,587 DEBUG - Starting WinSW in console mode
2021-12-29 20:29:23,636 INFO  - Installing service 'GymApp Service (GymApp)'...
2021-12-29 20:29:23,684 INFO  - Service 'GymApp Service (GymApp)' was installed successfully.
2021-12-29 20:29:35,135 DEBUG - Starting WinSW in console mode
2021-12-29 20:29:38,240 DEBUG - Starting WinSW in console mode
2021-12-29 20:29:38,297 INFO  - Starting service 'GymApp Service (GymApp)'...
2021-12-29 20:29:39,147 DEBUG - Starting WinSW in service mode
2021-12-29 20:29:39,219 INFO  - Service 'GymApp Service (GymApp)' started successfully.
2021-12-29 20:29:39,400 INFO  - Starting java -jar "C:\Users\harik\OneDrive\Documents\gym-application\gymAppNew\GymAppService\gymAppNew-1.0-SNAPSHOT.jar"
2021-12-29 20:29:39,464 INFO  - Started process 29096
2021-12-29 20:29:39,502 DEBUG - Forwarding logs of the process System.Diagnostics.Process (java) to WinSW.SizeBasedRollingLogAppender
2021-12-29 20:35:18,613 DEBUG - Starting WinSW in console mode
2021-12-29 20:35:22,158 DEBUG - Starting WinSW in console mode
2021-12-29 20:35:22,237 INFO  - Stopping service 'GymApp Service (GymApp)'...
2021-12-29 20:35:22,262 INFO  - Service 'GymApp Service (GymApp)' stopped successfully.
2021-12-29 20:35:22,265 INFO  - Stopping GymApp
2021-12-29 20:35:22,267 DEBUG - ProcessKill 29096
2021-12-29 20:35:22,273 DEBUG - Stopping process 29096...
2021-12-29 20:35:22,291 DEBUG - Process 29096 canceled with code -1073741510.
2021-12-29 20:35:22,302 INFO  - Finished GymApp
2021-12-29 20:35:24,774 DEBUG - Starting WinSW in console mode
2021-12-29 20:35:27,968 DEBUG - Starting WinSW in console mode
2021-12-29 20:35:28,023 INFO  - Uninstalling service 'GymApp Service (GymApp)'...
2021-12-29 20:35:28,040 INFO  - Service 'GymApp Service (GymApp)' was uninstalled successfully.
2021-12-29 20:35:41,707 DEBUG - Starting WinSW in console mode
2021-12-29 20:35:45,199 DEBUG - Starting WinSW in console mode
2021-12-29 20:35:45,247 INFO  - Installing service 'GymApp Service (GymApp)'...
2021-12-29 20:35:45,290 INFO  - Service 'GymApp Service (GymApp)' was installed successfully.
2021-12-29 20:35:54,085 DEBUG - Starting WinSW in console mode
2021-12-29 20:35:57,131 DEBUG - Starting WinSW in console mode
2021-12-29 20:35:57,208 INFO  - Starting service 'GymApp Service (GymApp)'...
2021-12-29 20:35:57,953 DEBUG - Starting WinSW in service mode
2021-12-29 20:35:57,997 INFO  - Service 'GymApp Service (GymApp)' started successfully.
2021-12-29 20:35:58,163 INFO  - Starting java -jar "C:\Users\harik\OneDrive\Documents\gym-application\gymAppNew\GymAppService\gymAppNew-1.0-SNAPSHOT.jar"
2021-12-29 20:35:58,231 INFO  - Started process 29208
2021-12-29 20:35:58,267 DEBUG - Forwarding logs of the process System.Diagnostics.Process (java) to WinSW.SizeBasedRollingLogAppender
2021-12-29 20:40:56,192 DEBUG - Starting WinSW in console mode
2021-12-29 20:40:59,618 DEBUG - Starting WinSW in console mode
2021-12-29 20:40:59,688 INFO  - Stopping service 'GymApp Service (GymApp)'...
2021-12-29 20:40:59,712 INFO  - Service 'GymApp Service (GymApp)' stopped successfully.
2021-12-29 20:40:59,715 INFO  - Stopping GymApp
2021-12-29 20:40:59,717 DEBUG - ProcessKill 29208
2021-12-29 20:40:59,722 DEBUG - Stopping process 29208...
2021-12-29 20:40:59,740 DEBUG - Process 29208 canceled with code -1073741510.
2021-12-29 20:40:59,751 INFO  - Finished GymApp
2021-12-29 20:41:02,462 DEBUG - Starting WinSW in console mode
2021-12-29 20:41:05,604 DEBUG - Starting WinSW in console mode
2021-12-29 20:41:05,656 INFO  - Uninstalling service 'GymApp Service (GymApp)'...
2021-12-29 20:41:05,669 INFO  - Service 'GymApp Service (GymApp)' was uninstalled successfully.
2021-12-29 20:42:28,814 DEBUG - Starting WinSW in console mode
2021-12-29 20:42:32,337 DEBUG - Starting WinSW in console mode
2021-12-29 20:42:32,384 INFO  - Installing service 'GymApp Service (GymApp)'...
2021-12-29 20:42:32,417 INFO  - Service 'GymApp Service (GymApp)' was installed successfully.
2021-12-29 20:42:38,982 DEBUG - Starting WinSW in console mode
2021-12-29 20:42:42,244 DEBUG - Starting WinSW in console mode
2021-12-29 20:42:42,315 INFO  - Starting service 'GymApp Service (GymApp)'...
2021-12-29 20:42:42,987 DEBUG - Starting WinSW in service mode
2021-12-29 20:42:43,030 INFO  - Service 'GymApp Service (GymApp)' started successfully.
2021-12-29 20:42:43,179 INFO  - Starting java -jar "C:\Users\harik\OneDrive\Documents\gym-application\gymAppNew\GymAppService\gymAppNew-1.0-SNAPSHOT.jar"
2021-12-29 20:42:43,222 INFO  - Started process 28080
2021-12-29 20:42:43,255 DEBUG - Forwarding logs of the process System.Diagnostics.Process (java) to WinSW.SizeBasedRollingLogAppender
2021-12-29 20:44:49,739 DEBUG - Starting WinSW in console mode
2021-12-29 20:44:53,032 DEBUG - Starting WinSW in console mode
2021-12-29 20:44:53,094 INFO  - Stopping service 'GymApp Service (GymApp)'...
2021-12-29 20:44:53,114 INFO  - Service 'GymApp Service (GymApp)' stopped successfully.
2021-12-29 20:44:53,118 INFO  - Stopping GymApp
2021-12-29 20:44:53,119 DEBUG - ProcessKill 28080
2021-12-29 20:44:53,126 DEBUG - Stopping process 28080...
2021-12-29 20:44:53,142 DEBUG - Process 28080 canceled with code -1073741510.
2021-12-29 20:44:53,154 INFO  - Finished GymApp
2021-12-29 20:44:56,836 DEBUG - Starting WinSW in console mode
2021-12-29 20:45:00,058 DEBUG - Starting WinSW in console mode
2021-12-29 20:45:00,128 INFO  - Uninstalling service 'GymApp Service (GymApp)'...
2021-12-29 20:45:00,145 INFO  - Service 'GymApp Service (GymApp)' was uninstalled successfully.
2021-12-29 20:45:41,737 DEBUG - Starting WinSW in console mode
2021-12-29 20:45:45,021 DEBUG - Starting WinSW in console mode
2021-12-29 20:45:45,068 INFO  - Installing service 'GymApp Service (GymApp)'...
2021-12-29 20:45:45,098 INFO  - Service 'GymApp Service (GymApp)' was installed successfully.
2021-12-29 20:45:54,472 DEBUG - Starting WinSW in console mode
2021-12-29 20:45:57,834 DEBUG - Starting WinSW in console mode
2021-12-29 20:45:57,902 INFO  - Starting service 'GymApp Service (GymApp)'...
2021-12-29 20:45:58,565 DEBUG - Starting WinSW in service mode
2021-12-29 20:45:58,635 INFO  - Service 'GymApp Service (GymApp)' started successfully.
2021-12-29 20:45:58,815 INFO  - Starting java -jar "C:\Users\harik\OneDrive\Documents\gym-application\gymAppNew\GymAppService\gymAppNew-1.0-SNAPSHOT.jar"
2021-12-29 20:45:58,845 INFO  - Started process 1400
2021-12-29 20:45:58,867 DEBUG - Forwarding logs of the process System.Diagnostics.Process (java) to WinSW.SizeBasedRollingLogAppender
2021-12-29 20:55:06,819 DEBUG - Starting WinSW in console mode
2021-12-29 20:55:09,868 DEBUG - Starting WinSW in console mode
2021-12-29 20:55:09,921 INFO  - Stopping service 'GymApp Service (GymApp)'...
2021-12-29 20:55:09,948 INFO  - Service 'GymApp Service (GymApp)' stopped successfully.
2021-12-29 20:55:09,951 INFO  - Stopping GymApp
2021-12-29 20:55:09,953 DEBUG - ProcessKill 1400
2021-12-29 20:55:09,959 DEBUG - Stopping process 1400...
2021-12-29 20:55:09,985 DEBUG - Process 1400 canceled with code -1073741510.
2021-12-29 20:55:10,000 INFO  - Finished GymApp
2021-12-29 20:55:13,099 DEBUG - Starting WinSW in console mode
2021-12-29 20:55:16,081 DEBUG - Starting WinSW in console mode
2021-12-29 20:55:16,147 INFO  - Uninstalling service 'GymApp Service (GymApp)'...
2021-12-29 20:55:16,170 INFO  - Service 'GymApp Service (GymApp)' was uninstalled successfully.
2021-12-29 20:56:57,015 DEBUG - Starting WinSW in console mode
2021-12-29 20:57:00,560 DEBUG - Starting WinSW in console mode
2021-12-29 20:57:00,645 INFO  - Installing service 'GymApp Service (GymApp)'...
2021-12-29 20:57:00,708 INFO  - Service 'GymApp Service (GymApp)' was installed successfully.
2021-12-29 20:57:04,930 DEBUG - Starting WinSW in console mode
2021-12-29 20:57:07,999 DEBUG - Starting WinSW in console mode
2021-12-29 20:57:08,065 INFO  - Starting service 'GymApp Service (GymApp)'...
2021-12-29 20:57:08,736 DEBUG - Starting WinSW in service mode
2021-12-29 20:57:08,780 INFO  - Service 'GymApp Service (GymApp)' started successfully.
2021-12-29 20:57:08,991 INFO  - Starting java -jar "C:\Users\harik\OneDrive\Documents\gym-application\gymAppNew\GymAppService\gymAppNew-1.0-SNAPSHOT.jar"
2021-12-29 20:57:09,046 INFO  - Started process 20728
2021-12-29 20:57:09,079 DEBUG - Forwarding logs of the process System.Diagnostics.Process (java) to WinSW.SizeBasedRollingLogAppender
